[aynurdurmus2007.bubbleapps.io/version-test.html]
[backblue.gif]
[fade.gif]
[index.html]
[aynurdurmus2007.bubbleapps.io/package/early_js/05ae9fe83d6b755291132aab9d325d70918aafd336da1bd91a41a31c8b25734b/early.js]
[0196c35680ec52653dd645436089f38b.cdn.bubble.io/f1530294839424x143528842134401200/Icon-no-clearspace.png]
[0196c35680ec52653dd645436089f38b.cdn.bubble.io/f1673991650471x907829260206606500/URL Preview Image – Meta – Tagline.png]
[aynurdurmus2007.bubbleapps.io/package/run_css/bafe0d1b84063e316c2b47789d56665c72bf1a35a3830c404f9011074e229522/aynurdurmus2007/test/index/xfalse/xfalse/run.css]
[aynurdurmus2007.bubbleapps.io/package/pre_run_jquery_js/dee903a9e36db713e4c86d0cdd96d921e37be0c1293ed8dee29e2e4d7713b9ff/pre_run_jquery.js]
[aynurdurmus2007.bubbleapps.io/package/run_js/367299b5bd74c4b5f1d79823b42e8034a7b1a644ef4d8855e0b71422c5d6bcd7/xtrue/x27/run.js]
[aynurdurmus2007.bubbleapps.io/package/static_js/a3f6a30bb87b41f1558586df94a1e8e12098baa5ed5ed37df57f4eb2a9ddf1ae/aynurdurmus2007/test/index/xnull/xfalse/xfalse/xtrue/static.js]
[aynurdurmus2007.bubbleapps.io/package/dynamic_js/73c788fe959d7516424a4a3ae288ee17f2f3ecde70525bcbb47bfc9ffd3888ec/aynurdurmus2007/test/index/xnull/xfalse/xtrue/en_us/xfalse/xfalse/dynamic.js]
[aynurdurmus2007.bubbleapps.io/version-test.html]
[aynurdurmus2007.bubbleapps.io/static/fonts/fontawesome-webfont.eot]
[aynurdurmus2007.bubbleapps.io/static/fonts/fontawesome-webfont.woff2]
[aynurdurmus2007.bubbleapps.io/static/fonts/fontawesome-webfont.woff]
[aynurdurmus2007.bubbleapps.io/static/fonts/fontawesome-webfont.ttf]
[aynurdurmus2007.bubbleapps.io/package/run_css/bafe0d1b84063e316c2b47789d56665c72bf1a35a3830c404f9011074e229522/aynurdurmus2007/test/index/xfalse/xfalse/run.css]
[aynurdurmus2007.bubbleapps.io/static/fonts/fontawesome-webfont.svg]
[aynurdurmus2007.bubbleapps.io/static/fonts/fontawesome-webfont.svg]
